<?xml version="1.0" encoding="UTF-8"?>
<testng-results ignored="0" total="2" passed="2" failed="0" skipped="0">
  <reporter-output>
    <line>
      <![CDATA[opening flipkart home page...]]>
    </line>
    <line>
      <![CDATA[Taking screenshot of menu bar items...]]>
    </line>
    <line>
      <![CDATA[Succesfully taken screen shot and store it errorreport folder with timestamp]]>
    </line>
    <line>
      <![CDATA[switching to packagelist frame]]>
    </line>
    <line>
      <![CDATA[clicking on org.openqa.selenium.bidi link]]>
    </line>
    <line>
      <![CDATA[switching to package frame]]>
    </line>
    <line>
      <![CDATA[clicking on BiDiProvider link]]>
    </line>
    <line>
      <![CDATA[switching to class frame]]>
    </line>
  </reporter-output>
  <suite started-at="2023-04-09T12:36:17 IST" name="Suite" finished-at="2023-04-09T12:37:15 IST" duration-ms="57889">
    <groups>
    </groups>
    <test started-at="2023-04-09T12:36:17 IST" name="Test" finished-at="2023-04-09T12:37:15 IST" duration-ms="57889">
      <class name="testing.VarifyingMenuBarItemsText">
        <test-method is-config="true" signature="confiBeforeMethod()[pri:0, instance:testing.VarifyingMenuBarItemsText@68999068]" started-at="2023-04-09T12:36:17 IST" name="confiBeforeMethod" finished-at="2023-04-09T12:36:41 IST" duration-ms="23788" status="PASS">
          <reporter-output>
            <line>
              <![CDATA[opening flipkart home page...]]>
            </line>
          </reporter-output>
        </test-method> <!-- confiBeforeMethod -->
        <test-method signature="screenShot()[pri:0, instance:testing.VarifyingMenuBarItemsText@68999068]" started-at="2023-04-09T12:36:41 IST" name="screenShot" finished-at="2023-04-09T12:36:49 IST" duration-ms="7442" status="PASS">
          <reporter-output>
            <line>
              <![CDATA[Taking screenshot of menu bar items...]]>
            </line>
            <line>
              <![CDATA[Succesfully taken screen shot and store it errorreport folder with timestamp]]>
            </line>
          </reporter-output>
        </test-method> <!-- screenShot -->
        <test-method is-config="true" signature="confiAfterMethod()[pri:0, instance:testing.VarifyingMenuBarItemsText@68999068]" started-at="2023-04-09T12:36:49 IST" name="confiAfterMethod" finished-at="2023-04-09T12:36:51 IST" duration-ms="2623" status="PASS">
          <reporter-output>
          </reporter-output>
        </test-method> <!-- confiAfterMethod -->
      </class> <!-- testing.VarifyingMenuBarItemsText -->
      <class name="testing.TestHandlingFramesDemoTest">
        <test-method is-config="true" signature="confiBeforeMethod()[pri:0, instance:testing.TestHandlingFramesDemoTest@6dc17b83]" started-at="2023-04-09T12:36:51 IST" name="confiBeforeMethod" finished-at="2023-04-09T12:37:12 IST" duration-ms="21028" status="PASS">
          <reporter-output>
          </reporter-output>
        </test-method> <!-- confiBeforeMethod -->
        <test-method signature="frameHandling()[pri:0, instance:testing.TestHandlingFramesDemoTest@6dc17b83]" started-at="2023-04-09T12:37:12 IST" name="frameHandling" finished-at="2023-04-09T12:37:14 IST" duration-ms="1599" status="PASS">
          <reporter-output>
            <line>
              <![CDATA[switching to packagelist frame]]>
            </line>
            <line>
              <![CDATA[clicking on org.openqa.selenium.bidi link]]>
            </line>
            <line>
              <![CDATA[switching to package frame]]>
            </line>
            <line>
              <![CDATA[clicking on BiDiProvider link]]>
            </line>
            <line>
              <![CDATA[switching to class frame]]>
            </line>
          </reporter-output>
        </test-method> <!-- frameHandling -->
        <test-method is-config="true" signature="confiAfterMethod()[pri:0, instance:testing.TestHandlingFramesDemoTest@6dc17b83]" started-at="2023-04-09T12:37:14 IST" name="confiAfterMethod" finished-at="2023-04-09T12:37:15 IST" duration-ms="1229" status="PASS">
          <reporter-output>
          </reporter-output>
        </test-method> <!-- confiAfterMethod -->
      </class> <!-- testing.TestHandlingFramesDemoTest -->
    </test> <!-- Test -->
  </suite> <!-- Suite -->
</testng-results>
