<?xml version="1.0" encoding="UTF-8"?>
<testng-results ignored="0" total="1" passed="1" failed="0" skipped="0">
  <reporter-output>
    <line>
      <![CDATA[switching to packagelist frame]]>
    </line>
    <line>
      <![CDATA[clicking on org.openqa.selenium.bidi link]]>
    </line>
    <line>
      <![CDATA[switching to package frame]]>
    </line>
    <line>
      <![CDATA[clicking on BiDiProvider link]]>
    </line>
    <line>
      <![CDATA[switching to class frame]]>
    </line>
  </reporter-output>
  <suite started-at="2023-04-09T12:07:02 IST" name="Default suite" finished-at="2023-04-09T12:09:05 IST" duration-ms="122321">
    <groups>
    </groups>
    <test started-at="2023-04-09T12:07:02 IST" name="Default test" finished-at="2023-04-09T12:09:05 IST" duration-ms="122321">
      <class name="testing.TestHandlingFramesDemoTest">
        <test-method is-config="true" signature="confiBeforeMethod()[pri:0, instance:testing.TestHandlingFramesDemoTest@49ec71f8]" started-at="2023-04-09T12:07:03 IST" name="confiBeforeMethod" finished-at="2023-04-09T12:08:45 IST" duration-ms="102015" status="PASS">
          <reporter-output>
          </reporter-output>
        </test-method> <!-- confiBeforeMethod -->
        <test-method signature="frameHandling()[pri:0, instance:testing.TestHandlingFramesDemoTest@49ec71f8]" started-at="2023-04-09T12:08:45 IST" name="frameHandling" finished-at="2023-04-09T12:08:56 IST" duration-ms="11377" status="PASS">
          <reporter-output>
            <line>
              <![CDATA[switching to packagelist frame]]>
            </line>
            <line>
              <![CDATA[clicking on org.openqa.selenium.bidi link]]>
            </line>
            <line>
              <![CDATA[switching to package frame]]>
            </line>
            <line>
              <![CDATA[clicking on BiDiProvider link]]>
            </line>
            <line>
              <![CDATA[switching to class frame]]>
            </line>
          </reporter-output>
        </test-method> <!-- frameHandling -->
        <test-method is-config="true" signature="confiAfterMethod()[pri:0, instance:testing.TestHandlingFramesDemoTest@49ec71f8]" started-at="2023-04-09T12:08:56 IST" name="confiAfterMethod" finished-at="2023-04-09T12:09:05 IST" duration-ms="8563" status="PASS">
          <reporter-output>
          </reporter-output>
        </test-method> <!-- confiAfterMethod -->
      </class> <!-- testing.TestHandlingFramesDemoTest -->
    </test> <!-- Default test -->
  </suite> <!-- Default suite -->
</testng-results>
